2025-10-09 11:34:44,473 [INFO] Starting CoinGecko data extraction...
2025-10-09 11:34:45,723 [INFO] \u2705 Successfully fetched 10 records from CoinGecko API.
2025-10-09 11:34:45,752 [INFO] \U0001f4be Data saved successfully \u2192 data/bronze/crypto_data_20251009_153445.csv
2025-10-09 11:44:16,913 [INFO] Starting CoinGecko data extraction...
2025-10-09 11:44:17,789 [INFO] \u2705 Successfully fetched 10 records from CoinGecko API.
2025-10-09 11:44:17,801 [INFO] \U0001f4be Data saved successfully \u2192 data/bronze/crypto_data_20251009_154417.csv
2025-10-09 14:10:11,705 [INFO] Starting CoinGecko data extraction...
2025-10-09 14:10:12,633 [INFO] \u2705 Successfully fetched 10 records from CoinGecko API.
2025-10-09 14:10:12,648 [INFO] \U0001f4be Data saved successfully \u2192 data/bronze/crypto_data_20251009_181012.csv
2025-10-09 14:36:23,578 [INFO] Starting CoinGecko data extraction...
2025-10-09 14:36:26,493 [INFO] \u2705 Successfully fetched 10 records.
2025-10-09 14:36:26,495 [INFO] \u2705 Successfully fetched 10 records from CoinGecko API.
2025-10-09 14:36:26,508 [INFO] \U0001f4be Data saved successfully \u2192 data/bronze/crypto_data_20251009_183626.csv
2025-10-09 14:45:42,014 [INFO] Starting CoinGecko data extraction...
2025-10-09 14:45:45,042 [INFO] \u2705 Successfully fetched 10 records.
2025-10-09 14:45:45,045 [INFO] \u2705 Successfully fetched 10 records from CoinGecko API.
2025-10-09 14:45:45,058 [INFO] \U0001f4be Data saved successfully \u2192 data/bronze/crypto_data_20251009_184545.csv
2025-10-09 18:33:28,851 [INFO] Starting CoinGecko data extraction...
2025-10-09 18:33:31,793 [INFO] \u2705 Successfully fetched 10 records.
2025-10-09 18:33:31,796 [INFO] \u2705 Successfully fetched 10 records from CoinGecko API.
2025-10-09 18:33:31,809 [INFO] \U0001f4be Data saved successfully \u2192 data/bronze/crypto_data_20251009_223331.csv
2025-10-09 20:00:48,812 [INFO] Starting CoinGecko data extraction...
2025-10-09 20:00:51,744 [INFO] \u2705 Successfully fetched 10 records.
2025-10-09 20:00:51,746 [INFO] \u2705 Successfully fetched 10 records from CoinGecko API.
2025-10-09 20:00:51,755 [INFO] \U0001f4be Data saved successfully \u2192 data/bronze/crypto_data_20251010_000051.csv
2025-10-09 22:10:22,750 [INFO] Starting CoinGecko data extraction...
2025-10-09 22:10:25,691 [INFO] \u2705 Successfully fetched 10 records.
2025-10-09 22:10:25,695 [INFO] \u2705 Successfully fetched 10 records from CoinGecko API.
2025-10-09 22:10:25,710 [INFO] \U0001f4be Data saved successfully \u2192 data/bronze/crypto_data_20251010_021025.csv
2025-10-09 22:19:14,930 [INFO] Starting CoinGecko data extraction...
2025-10-09 22:19:17,792 [INFO] \u2705 Successfully fetched 10 records.
2025-10-09 22:19:17,794 [INFO] \u2705 Successfully fetched 10 records from CoinGecko API.
2025-10-09 22:19:17,809 [INFO] \U0001f4be Data saved successfully \u2192 data/bronze/crypto_data_20251010_021917.csv
2025-10-09 22:23:22,872 [INFO] Starting CoinGecko data extraction...
2025-10-09 22:23:25,730 [INFO] \u2705 Successfully fetched 10 records.
2025-10-09 22:23:25,732 [INFO] \u2705 Successfully fetched 10 records from CoinGecko API.
2025-10-09 22:23:25,744 [INFO] \U0001f4be Data saved successfully \u2192 data/bronze/crypto_data_20251010_022325.csv
2025-10-09 22:23:53,391 [INFO] Starting CoinGecko data extraction...
2025-10-09 22:23:56,227 [INFO] \u2705 Successfully fetched 10 records.
2025-10-09 22:23:56,230 [INFO] \u2705 Successfully fetched 10 records from CoinGecko API.
2025-10-09 22:23:56,243 [INFO] \U0001f4be Data saved successfully \u2192 data/bronze/crypto_data_20251010_022356.csv
2025-10-09 22:28:19,485 [INFO] Starting CoinGecko data extraction...
2025-10-09 22:28:22,349 [INFO] \u2705 Successfully fetched 10 records.
2025-10-09 22:28:22,352 [INFO] \u2705 Successfully fetched 10 records from CoinGecko API.
2025-10-09 22:28:22,365 [INFO] \U0001f4be Data saved successfully \u2192 data/bronze/crypto_data_20251010_022822.csv
2025-10-09 22:28:36,922 [INFO] Starting CoinGecko data extraction...
2025-10-09 22:28:39,778 [INFO] \u2705 Successfully fetched 10 records.
2025-10-09 22:28:39,781 [INFO] \u2705 Successfully fetched 10 records from CoinGecko API.
2025-10-09 22:28:39,794 [INFO] \U0001f4be Data saved successfully \u2192 data/bronze/crypto_data_20251010_022839.csv
2025-10-10 09:46:18,472 [INFO] Starting CoinGecko data extraction...
2025-10-10 09:46:21,454 [INFO] \u2705 Successfully fetched 10 records.
2025-10-10 09:46:21,459 [INFO] \u2705 Successfully fetched 10 records from CoinGecko API.
2025-10-10 09:46:21,494 [INFO] \U0001f680 DEBUG: Calling upload_to_s3 now...
2025-10-10 09:46:22,520 [INFO] Uploaded to s3://dataverse-market-insights-bronze/bronze/crypto/ingest_date=2025-10-10/crypto_data_20251010_134621.csv
2025-10-10 09:46:22,520 [INFO] \U0001f4be Data saved successfully \u2192 data/bronze/crypto_data_20251010_134621.csv
2025-10-11 16:45:54,905 [INFO] Starting CoinGecko data extraction...
2025-10-11 16:45:57,824 [INFO] \u2705 Successfully fetched 10 records.
2025-10-11 16:45:58,701 [INFO] Uploaded to s3://dataverse-market-insights-bronze/bronze/crypto/ingest_date=2025-10-11/crypto_data_20251011_204557.csv
2025-10-11 16:45:58,706 [INFO] \u2705 Extraction logged successfully. Runtime: 3.79s
